<?xml version="1.0" encoding="UTF-8"?>
<!-- Generated by org.testng.reporters.JUnitReportReporter -->
<testsuite hostname="BHAGAVATH" failures="0" tests="2" name="Tets.BaseClass" time="3.625" errors="0" timestamp="2025-09-19T01:19:11 IST" skipped="0">
  <testcase classname="Tets.BaseClass" name="base" time="2.460"/>
  <testcase classname="Tets.BaseClass" name="getUrl" time="1.165"/>
</testsuite> <!-- Tets.BaseClass -->
