<?xml version="1.0" encoding="UTF-8"?>
<!-- Generated by org.testng.reporters.JUnitReportReporter -->
<testsuite hostname="BHAGAVATH" failures="0" tests="2" name="Tets.BaseClass" time="4.544" errors="0" timestamp="2025-09-19T12:53:53 IST" skipped="0">
  <testcase classname="Tets.BaseClass" name="getUrl" time="1.476"/>
  <testcase classname="Tets.BaseClass" name="base" time="3.068"/>
</testsuite> <!-- Tets.BaseClass -->
